<?xml version="1.0" encoding="UTF-8"?>
<!-- Generated by org.testng.reporters.JUnitReportReporter -->
<testsuite hostname="DESKTOP-46VVE2N" failures="0" tests="1" name="MemriseMobile.TestMemrise.AuthTest" time="37.097" errors="0" timestamp="2025-09-19T15:52:50 EEST" skipped="0">
  <testcase classname="MemriseMobile.TestMemrise.AuthTest" name="testValidLogin" time="37.097"/>
</testsuite> <!-- MemriseMobile.TestMemrise.AuthTest -->
