<?xml version="1.0" encoding="UTF-8"?>
<!-- Generated by org.testng.reporters.JUnitReportReporter -->
<testsuite hostname="DESKTOP-46VVE2N" failures="0" tests="6" name="MemriseMobile.TestMemrise.LoginTest" time="64.165" errors="0" timestamp="2025-09-20T22:23:59 EEST" skipped="0">
  <testcase classname="MemriseMobile.TestMemrise.LoginTest" name="testHaveAnAccount" time="7.971"/>
  <testcase classname="MemriseMobile.TestMemrise.LoginTest" name="testLogin" time="8.491"/>
  <testcase classname="MemriseMobile.TestMemrise.LoginTest" name="testLogin" time="14.699"/>
  <testcase classname="MemriseMobile.TestMemrise.LoginTest" name="testLogin" time="13.132"/>
  <testcase classname="MemriseMobile.TestMemrise.LoginTest" name="testLogin" time="10.979"/>
  <testcase classname="MemriseMobile.TestMemrise.LoginTest" name="testLogin" time="8.893"/>
</testsuite> <!-- MemriseMobile.TestMemrise.LoginTest -->
