<?xml version="1.0" encoding="UTF-8"?>
<!-- Generated by org.testng.reporters.JUnitReportReporter -->
<testsuite hostname="DESKTOP-RDURFQE" failures="0" tests="5" name="MemriseMobile.TestMemrise.LessonsTest" time="١٣.٠٨٤" errors="0" timestamp="٢٠٢٥-٠٩-٢٠T١٨:٠٨:٢٨ EEST" skipped="0">
  <testcase classname="MemriseMobile.TestMemrise.LessonsTest" name="TC01_OpenMyLessonsPage" time="١.٨٠٣"/>
  <testcase classname="MemriseMobile.TestMemrise.LessonsTest" name="TC02_OpenWordlistsByMyLessons" time="٣.٣٨٩"/>
  <testcase classname="MemriseMobile.TestMemrise.LessonsTest" name="TC03_StartLesson" time="٢.٩٦٦"/>
  <testcase classname="MemriseMobile.TestMemrise.LessonsTest" name="TC04_TC05_skipLessonThenCancel" time="٣.٢٣٩"/>
  <testcase classname="MemriseMobile.TestMemrise.LessonsTest" name="TC06_selectAnotherGroupLevel" time="١.٦٨٧"/>
</testsuite> <!-- MemriseMobile.TestMemrise.LessonsTest -->
